<?xml version="1.0" encoding="UTF-8"?>
<!-- Generated by org.testng.reporters.JUnitReportReporter -->
<testsuite skipped="0" hostname="RAMYA" name="org.testngggg.B" tests="3" failures="0" timestamp="01 Mar 2022 13:08:07 GMT" time="0.113" errors="0">
  <testcase name="test2" time="0.008" classname="org.testngggg.B"/>
  <testcase name="test1" time="0.084" classname="org.testngggg.B"/>
  <testcase name="test3" time="0.021" classname="org.testngggg.B"/>
</testsuite> <!-- org.testngggg.B -->
