<?xml version="1.0" encoding="UTF-8"?>
<!-- Generated by org.testng.reporters.JUnitReportReporter -->
<testsuite skipped="0" hostname="RAMYA" name="org.hotel.AdactinHotel" tests="5" failures="0" timestamp="28 Feb 2022 06:45:04 GMT" time="47.240" errors="0">
  <testcase name="test1" time="21.001" classname="org.hotel.AdactinHotel"/>
  <testcase name="test2" time="7.482" classname="org.hotel.AdactinHotel"/>
  <testcase name="test3" time="7.407" classname="org.hotel.AdactinHotel"/>
  <testcase name="test4" time="11.264" classname="org.hotel.AdactinHotel"/>
  <testcase name="test5" time="0.086" classname="org.hotel.AdactinHotel"/>
</testsuite> <!-- org.hotel.AdactinHotel -->
