<?xml version="1.0" encoding="UTF-8"?>
<!-- Generated by org.testng.reporters.JUnitReportReporter -->
<testsuite skipped="0" hostname="RAMYA" name="org.testngggg.A" tests="2" failures="0" timestamp="01 Mar 2022 13:41:12 GMT" time="0.049" errors="0">
  <testcase name="test8" time="0.018" classname="org.testngggg.A"/>
  <testcase name="test7" time="0.031" classname="org.testngggg.A"/>
</testsuite> <!-- org.testngggg.A -->
